
> employee-management@0.0.0 start /root/quizzler/angularjs
> ng serve --port 443  --host 172.31.44.158 --disableHostCheck --ssl --ssl-key ssl/private.key --ssl-cert ssl/certificate.crt 

WARNING: This is a simple server for use in testing or debugging Angular applications
locally. It hasn't been reviewed for security issues.

Binding this server to an open connection can result in compromising your application or
computer. Using a different host than the one passed to the "--host" flag might result in
websocket connection issues. You might need to use "--disableHostCheck" if that's the
case.
WARNING: Running a server with --disable-host-check is a security risk. See https://medium.com/webpack/webpack-dev-server-middleware-security-issues-1489d950874a for more information.
** Angular Live Development Server is listening on 172.31.44.158:443, open your browser on https://172.31.44.158:443/ **
[34mℹ[39m [90m｢wdm｣[39m: wait until bundle finished: /

Date: 2020-07-03T10:46:01.942Z
Hash: 611eb530a1a2bc460f74
Time: 20505ms
chunk {es2015-polyfills} es2015-polyfills.js, es2015-polyfills.js.map (es2015-polyfills) 285 kB [initial] [rendered]
chunk {main} main.js, main.js.map (main) 312 kB [initial] [rendered]
chunk {polyfills} polyfills.js, polyfills.js.map (polyfills) 236 kB [initial] [rendered]
chunk {runtime} runtime.js, runtime.js.map (runtime) 6.08 kB [entry] [rendered]
chunk {styles} styles.js, styles.js.map (styles) 181 kB [initial] [rendered]
chunk {vendor} vendor.js, vendor.js.map (vendor) 5.54 MB [initial] [rendered]
[34mℹ[39m [90m｢wdm｣[39m: Compiled successfully.
