
> employee-management@0.0.0 start /root/quizzler/angularjs
> ng serve --port 4200 --host 172.31.95.201  --disable-host-check --publicHost 52.207.216.207

WARNING: This is a simple server for use in testing or debugging Angular applications
locally. It hasn't been reviewed for security issues.

Binding this server to an open connection can result in compromising your application or
computer. Using a different host than the one passed to the "--host" flag might result in
websocket connection issues. You might need to use "--disableHostCheck" if that's the
case.
WARNING: Running a server with --disable-host-check is a security risk. See https://medium.com/webpack/webpack-dev-server-middleware-security-issues-1489d950874a for more information.
** Angular Live Development Server is listening on 172.31.95.201:4200, open your browser on http://172.31.95.201:4200/ **
Browserslist: caniuse-lite is outdated. Please run next command `npm update caniuse-lite browserslist`

Date: 2020-02-06T11:35:48.637Z
Hash: 3eba3fab1b259557f3e2
Time: 16828ms
chunk {es2015-polyfills} es2015-polyfills.js, es2015-polyfills.js.map (es2015-polyfills) 285 kB [initial] [rendered]
chunk {main} main.js, main.js.map (main) 45.5 kB [initial] [rendered]
chunk {polyfills} polyfills.js, polyfills.js.map (polyfills) 236 kB [initial] [rendered]
chunk {runtime} runtime.js, runtime.js.map (runtime) 6.08 kB [entry] [rendered]
chunk {styles} styles.js, styles.js.map (styles) 16.5 kB [initial] [rendered]
chunk {vendor} vendor.js, vendor.js.map (vendor) 4.36 MB [initial] [rendered]
[34mℹ[39m [90m｢wdm｣[39m: Compiled successfully.
[34mℹ[39m [90m｢wdm｣[39m: Compiling...

Date: 2020-02-06T11:48:03.119Z - Hash: 7f26b2369ce41000df89 - Time: 8491ms
5 unchanged chunks
chunk {main} main.js, main.js.map (main) 45.5 kB [initial] [rendered]
[34mℹ[39m [90m｢wdm｣[39m: Compiled successfully.
